Arguments: 
  C:\Program Files\nodejs\node.exe C:\Users\曹琼\AppData\Roaming\npm\node_modules\yarn\bin\yarn.js init

PATH: 
  E:;scala\bin;C:\WINDOWS\system32;C:\WINDOWS;C:\WINDOWS\System32\Wbem;C:\WINDOWS\System32\WindowsPowerShell\v1.0\;C:\WINDOWS\System32\OpenSSH\;D:\python\;E:\Git\day01\03.资料\Git\cmd;C:\Program Files\nodejs\;D:\python\Scripts\;C:\Users\曹琼\AppData\Local\Microsoft\WindowsApps;C:\Users\曹琼\Desktop\PyCharm 2018.3.5\bin;C:\Program Files\Java\jdk1.7.0_45\bin;C:\Program Files\Java\jdk1.7.0_45\jre\bin;C:\Program Files\pycharm\PyCharm Community Edition 2020.2.3\bin;E:\IDEA\IntelliJ IDEA 2020.1\bin;E:\Vue\安装包\VSCodeUserSetup\Microsoft VS Code\bin;E:\前端基础班开班资料\必备软件\VUE\Microsoft VS Code\bin;C:\Users\曹琼\AppData\Roaming\npm;D:\MySQL\mysql-8.0.30-winx64\bin

Yarn version: 
  1.22.19

Node version: 
  16.17.0

Platform: 
  win32 x64

Trace: 
  Error: canceled
      at Interface.<anonymous> (C:\Users\曹琼\AppData\Roaming\npm\node_modules\yarn\lib\cli.js:137150:13)
      at Interface.emit (node:events:513:28)
      at Interface._ttyWrite (node:readline:1085:16)
      at ReadStream.onkeypress (node:readline:291:10)
      at ReadStream.emit (node:events:513:28)
      at emitKeys (node:internal/readline/utils:357:14)
      at emitKeys.next (<anonymous>)
      at ReadStream.onData (node:internal/readline/emitKeypressEvents:61:36)
      at ReadStream.emit (node:events:513:28)
      at addChunk (node:internal/streams/readable:315:12)

npm manifest: 
  No manifest

yarn manifest: 
  No manifest

Lockfile: 
  No lockfile
